Using pre-set license
Built from '2020.3/staging' branch; Version is '2020.3.6f1 (338bb68529b2) revision 3378102'; Using compiler version '192528614'; Build Type 'Release'
OS: 'Windows 10 Education; OS build 19041.985; Version 2004; 64bit' Language: 'ko' Physical Memory: 16338 MB
BatchMode: 1, IsHumanControllingUs: 0, StartBugReporterOnCrash: 0, Is64bit: 1, IsPro: 0

 COMMAND LINE ARGUMENTS:
C:\Program Files\Unity\2020.3.6f1\Editor\Unity.exe
-adb2
-batchMode
-noUpm
-name
AssetImportWorker0
-projectPath
I:/dev/unityProject/Bolt
-logFile
Logs/AssetImportWorker0.log
-srvPort
52136
Successfully changed project path to: I:/dev/unityProject/Bolt
I:/dev/unityProject/Bolt
Using Asset Import Pipeline V2.
Refreshing native plugins compatible for Editor in 36.70 ms, found 1 plugins.
Preloading 0 native plugins for Editor in 0.00 ms.
Initialize engine version: 2020.3.6f1 (338bb68529b2)
[Subsystems] Discovering subsystems at path C:/Program Files/Unity/2020.3.6f1/Editor/Data/Resources/UnitySubsystems
[Subsystems] Discovering subsystems at path I:/dev/unityProject/Bolt/Assets
GfxDevice: creating device client; threaded=0
Direct3D:
    Version:  Direct3D 11.0 [level 11.0]
    Renderer: NVIDIA GeForce GTX 750 (ID=0x1381)
    Vendor:   
    VRAM:     984 MB
    Driver:   27.21.14.5671
Initialize mono
Mono path[0] = 'C:/Program Files/Unity/2020.3.6f1/Editor/Data/Managed'
Mono path[1] = 'C:/Program Files/Unity/2020.3.6f1/Editor/Data/MonoBleedingEdge/lib/mono/unityjit'
Mono config path = 'C:/Program Files/Unity/2020.3.6f1/Editor/Data/MonoBleedingEdge/etc'
Using monoOptions --debugger-agent=transport=dt_socket,embedding=1,server=y,suspend=n,address=127.0.0.1:56752
Begin MonoManager ReloadAssembly
Registering precompiled unity dll's ...
Register platform support module: C:/Program Files/Unity/2020.3.6f1/Editor/Data/PlaybackEngines/WindowsStandaloneSupport/UnityEditor.WindowsStandalone.Extensions.dll
Registered in 0.003924 seconds.
Native extension for WindowsStandalone target not found
Refreshing native plugins compatible for Editor in 31.48 ms, found 1 plugins.
Preloading 0 native plugins for Editor in 0.00 ms.
Mono: successfully reloaded assembly
- Completed reload, in  3.226 seconds
Platform modules already initialized, skipping
Registering precompiled user dll's ...
Registered in 0.006486 seconds.
Begin MonoManager ReloadAssembly
Native extension for WindowsStandalone target not found
Refreshing native plugins compatible for Editor in 0.39 ms, found 1 plugins.
Preloading 0 native plugins for Editor in 0.00 ms.
Mono: successfully reloaded assembly
- Completed reload, in  0.993 seconds
Platform modules already initialized, skipping
========================================================================
Worker process is ready to serve import requests
Launched and connected shader compiler UnityShaderCompiler.exe after 0.05 seconds
Refreshing native plugins compatible for Editor in 0.37 ms, found 1 plugins.
Preloading 0 native plugins for Editor in 0.00 ms.
Unloading 1131 Unused Serialized files (Serialized files now loaded: 0)
System memory in use before: 58.4 MB.
System memory in use after: 58.5 MB.

Unloading 26 unused Assets to reduce memory usage. Loaded Objects now: 1643.
Total: 2.142700 ms (FindLiveObjects: 0.187200 ms CreateObjectMapping: 0.176900 ms MarkObjects: 1.689700 ms  DeleteObjects: 0.087900 ms)

========================================================================
Received Import Request.
  path: Assets/Scenes/Menu.unity
  artifactKey: Guid(e6a42748a35ed1345846cb86334ea999) Importer(815301076,1909f56bfc062723c751e8b465ee728b)
Start importing Assets/Scenes/Menu.unity using Guid(e6a42748a35ed1345846cb86334ea999) Importer(815301076,1909f56bfc062723c751e8b465ee728b)  -> (artifact id: 'daf8aa411c14eefa3d3cb5b0066c036c') in 0.011705 seconds
  Import took 0.014026 seconds .

========================================================================
Received Import Request.
  Time since last request: 2.713374 seconds.
  path: Assets/Scenes/Menu.unity
  artifactKey: Guid(e6a42748a35ed1345846cb86334ea999) Importer(815301076,1909f56bfc062723c751e8b465ee728b)
Start importing Assets/Scenes/Menu.unity using Guid(e6a42748a35ed1345846cb86334ea999) Importer(815301076,1909f56bfc062723c751e8b465ee728b)  -> (artifact id: 'daf8aa411c14eefa3d3cb5b0066c036c') in 0.002601 seconds
  Import took 0.004961 seconds .

========================================================================
Received Prepare
Registering precompiled user dll's ...
Registered in 0.006385 seconds.
Begin MonoManager ReloadAssembly
Native extension for WindowsStandalone target not found
Refreshing native plugins compatible for Editor in 0.47 ms, found 1 plugins.
Preloading 0 native plugins for Editor in 0.00 ms.
Mono: successfully reloaded assembly
- Completed reload, in  1.147 seconds
Platform modules already initialized, skipping
Refreshing native plugins compatible for Editor in 0.72 ms, found 1 plugins.
Preloading 0 native plugins for Editor in 0.00 ms.
Unloading 1126 Unused Serialized files (Serialized files now loaded: 0)
System memory in use before: 58.4 MB.
System memory in use after: 58.4 MB.

Unloading 21 unused Assets to reduce memory usage. Loaded Objects now: 1646.
Total: 2.325200 ms (FindLiveObjects: 0.321300 ms CreateObjectMapping: 0.089500 ms MarkObjects: 1.849500 ms  DeleteObjects: 0.063500 ms)

========================================================================
Received Import Request.
  Time since last request: 88.028889 seconds.
  path: Assets/Scenes/Level1.unity
  artifactKey: Guid(80e5ff8fdbb5a084296e97e2731f0bd0) Importer(815301076,1909f56bfc062723c751e8b465ee728b)
Start importing Assets/Scenes/Level1.unity using Guid(80e5ff8fdbb5a084296e97e2731f0bd0) Importer(815301076,1909f56bfc062723c751e8b465ee728b)  -> (artifact id: '469f005e12c6bd71d80d5fbc2c9be172') in 0.014003 seconds
  Import took 0.016983 seconds .

========================================================================
Received Prepare
Registering precompiled user dll's ...
Registered in 0.006103 seconds.
Begin MonoManager ReloadAssembly
Native extension for WindowsStandalone target not found
Refreshing native plugins compatible for Editor in 0.61 ms, found 1 plugins.
Preloading 0 native plugins for Editor in 0.00 ms.
Mono: successfully reloaded assembly
- Completed reload, in  1.126 seconds
Platform modules already initialized, skipping
Refreshing native plugins compatible for Editor in 0.39 ms, found 1 plugins.
Preloading 0 native plugins for Editor in 0.00 ms.
Unloading 1126 Unused Serialized files (Serialized files now loaded: 0)
System memory in use before: 58.4 MB.
System memory in use after: 58.5 MB.

Unloading 21 unused Assets to reduce memory usage. Loaded Objects now: 1649.
Total: 2.116300 ms (FindLiveObjects: 0.173700 ms CreateObjectMapping: 0.083000 ms MarkObjects: 1.800700 ms  DeleteObjects: 0.057600 ms)

========================================================================
Received Import Request.
  Time since last request: 429.185735 seconds.
  path: Assets/Scenes/Menu.unity
  artifactKey: Guid(e6a42748a35ed1345846cb86334ea999) Importer(815301076,1909f56bfc062723c751e8b465ee728b)
Start importing Assets/Scenes/Menu.unity using Guid(e6a42748a35ed1345846cb86334ea999) Importer(815301076,1909f56bfc062723c751e8b465ee728b)  -> (artifact id: 'a4296c668deb0c52399216d1aa1d1e9d') in 0.015469 seconds
  Import took 0.018688 seconds .

========================================================================
Received Prepare
Registering precompiled user dll's ...
Registered in 0.006539 seconds.
Begin MonoManager ReloadAssembly
Native extension for WindowsStandalone target not found
Refreshing native plugins compatible for Editor in 0.55 ms, found 1 plugins.
Preloading 0 native plugins for Editor in 0.00 ms.
Mono: successfully reloaded assembly
- Completed reload, in  1.140 seconds
Platform modules already initialized, skipping
Refreshing native plugins compatible for Editor in 0.39 ms, found 1 plugins.
Preloading 0 native plugins for Editor in 0.00 ms.
Unloading 1126 Unused Serialized files (Serialized files now loaded: 0)
System memory in use before: 58.4 MB.
System memory in use after: 58.5 MB.

Unloading 21 unused Assets to reduce memory usage. Loaded Objects now: 1652.
Total: 2.452400 ms (FindLiveObjects: 0.223100 ms CreateObjectMapping: 0.102600 ms MarkObjects: 2.045300 ms  DeleteObjects: 0.079100 ms)

========================================================================
Received Prepare
Registering precompiled user dll's ...
Registered in 0.005920 seconds.
Begin MonoManager ReloadAssembly
Native extension for WindowsStandalone target not found
Refreshing native plugins compatible for Editor in 0.44 ms, found 1 plugins.
Preloading 0 native plugins for Editor in 0.00 ms.
Mono: successfully reloaded assembly
- Completed reload, in  1.180 seconds
Platform modules already initialized, skipping
Refreshing native plugins compatible for Editor in 0.92 ms, found 1 plugins.
Preloading 0 native plugins for Editor in 0.00 ms.
Unloading 1126 Unused Serialized files (Serialized files now loaded: 0)
System memory in use before: 58.4 MB.
System memory in use after: 58.5 MB.

Unloading 21 unused Assets to reduce memory usage. Loaded Objects now: 1655.
Total: 2.540400 ms (FindLiveObjects: 0.189300 ms CreateObjectMapping: 0.385600 ms MarkObjects: 1.905700 ms  DeleteObjects: 0.058200 ms)

========================================================================
Received Prepare
Registering precompiled user dll's ...
Registered in 0.006569 seconds.
Begin MonoManager ReloadAssembly
Native extension for WindowsStandalone target not found
Refreshing native plugins compatible for Editor in 0.55 ms, found 1 plugins.
Preloading 0 native plugins for Editor in 0.00 ms.
Mono: successfully reloaded assembly
- Completed reload, in  1.123 seconds
Platform modules already initialized, skipping
Refreshing native plugins compatible for Editor in 0.55 ms, found 1 plugins.
Preloading 0 native plugins for Editor in 0.00 ms.
Unloading 1126 Unused Serialized files (Serialized files now loaded: 0)
System memory in use before: 58.4 MB.
System memory in use after: 58.5 MB.

Unloading 21 unused Assets to reduce memory usage. Loaded Objects now: 1658.
Total: 2.284100 ms (FindLiveObjects: 0.176800 ms CreateObjectMapping: 0.086200 ms MarkObjects: 1.943200 ms  DeleteObjects: 0.076300 ms)

========================================================================
Received Prepare
Registering precompiled user dll's ...
Registered in 0.005842 seconds.
Begin MonoManager ReloadAssembly
Native extension for WindowsStandalone target not found
Refreshing native plugins compatible for Editor in 0.65 ms, found 1 plugins.
Preloading 0 native plugins for Editor in 0.00 ms.
Mono: successfully reloaded assembly
- Completed reload, in  1.114 seconds
Platform modules already initialized, skipping
Refreshing native plugins compatible for Editor in 0.38 ms, found 1 plugins.
Preloading 0 native plugins for Editor in 0.00 ms.
Unloading 1126 Unused Serialized files (Serialized files now loaded: 0)
System memory in use before: 58.4 MB.
System memory in use after: 58.5 MB.

Unloading 21 unused Assets to reduce memory usage. Loaded Objects now: 1661.
Total: 2.356900 ms (FindLiveObjects: 0.195900 ms CreateObjectMapping: 0.095400 ms MarkObjects: 2.001000 ms  DeleteObjects: 0.062700 ms)

========================================================================
Received Prepare
Registering precompiled user dll's ...
Registered in 0.006138 seconds.
Begin MonoManager ReloadAssembly
Native extension for WindowsStandalone target not found
Refreshing native plugins compatible for Editor in 0.54 ms, found 1 plugins.
Preloading 0 native plugins for Editor in 0.00 ms.
Mono: successfully reloaded assembly
- Completed reload, in  1.130 seconds
Platform modules already initialized, skipping
Refreshing native plugins compatible for Editor in 0.39 ms, found 1 plugins.
Preloading 0 native plugins for Editor in 0.00 ms.
Unloading 1126 Unused Serialized files (Serialized files now loaded: 0)
System memory in use before: 58.4 MB.
System memory in use after: 58.5 MB.

Unloading 21 unused Assets to reduce memory usage. Loaded Objects now: 1664.
Total: 2.330500 ms (FindLiveObjects: 0.192100 ms CreateObjectMapping: 0.089800 ms MarkObjects: 1.986500 ms  DeleteObjects: 0.060800 ms)

========================================================================
Received Import Request.
  Time since last request: 1641.216932 seconds.
  path: Assets/Scenes/Menu.unity
  artifactKey: Guid(e6a42748a35ed1345846cb86334ea999) Importer(815301076,1909f56bfc062723c751e8b465ee728b)
Start importing Assets/Scenes/Menu.unity using Guid(e6a42748a35ed1345846cb86334ea999) Importer(815301076,1909f56bfc062723c751e8b465ee728b)  -> (artifact id: 'edbeb2948c8b30f017683b2228a00c1d') in 0.015510 seconds
  Import took 0.018786 seconds .

========================================================================
Received Import Request.
  Time since last request: 1.368297 seconds.
  path: Assets/Prefabs/PauseMenu.prefab
  artifactKey: Guid(e32e81bcf72bd6f4ab02a5ff205d338a) Importer(815301076,1909f56bfc062723c751e8b465ee728b)
Start importing Assets/Prefabs/PauseMenu.prefab using Guid(e32e81bcf72bd6f4ab02a5ff205d338a) Importer(815301076,1909f56bfc062723c751e8b465ee728b)  -> (artifact id: '78ce03b8e8353285bb130b7d15367d2c') in 0.066659 seconds
  Import took 0.069096 seconds .

========================================================================
Received Import Request.
  Time since last request: 0.889876 seconds.
  path: Assets/macro/Objective.asset
  artifactKey: Guid(8dd895b7f4e7951419a638bccbca7f0b) Importer(815301076,1909f56bfc062723c751e8b465ee728b)
Start importing Assets/macro/Objective.asset using Guid(8dd895b7f4e7951419a638bccbca7f0b) Importer(815301076,1909f56bfc062723c751e8b465ee728b)  -> (artifact id: 'a0b2cc65f93a4237f0769d41466996b8') in 0.579075 seconds
  Import took 0.581306 seconds .

========================================================================
Received Import Request.
  Time since last request: 0.419790 seconds.
  path: Assets/macro/MenuLevelButton.asset
  artifactKey: Guid(fe3e6c6096e4fbd438684561a92819b5) Importer(815301076,1909f56bfc062723c751e8b465ee728b)
Start importing Assets/macro/MenuLevelButton.asset using Guid(fe3e6c6096e4fbd438684561a92819b5) Importer(815301076,1909f56bfc062723c751e8b465ee728b)  -> (artifact id: 'bd3d1f24c780832d55a382cdd77bb34b') in 0.040129 seconds
  Import took 0.043262 seconds .

AssetImportWorkerClient::OnTransportError - code=2 error=End of file
